Determining if the pthread_create exist failed with the following output:
Change Dir: /home/emmanuel/rlss_ws/src/rlss_ros/build/CMakeFiles/CMakeTmp

Run Build Command:"/usr/bin/ninja" "cmTC_27d20"
[1/2] Building C object CMakeFiles/cmTC_27d20.dir/CheckSymbolExists.c.o
[2/2] Linking C executable cmTC_27d20
FAILED: cmTC_27d20 
: && /usr/bin/x86_64-linux-gnu-gcc-10   -rdynamic CMakeFiles/cmTC_27d20.dir/CheckSymbolExists.c.o  -o cmTC_27d20   && :
CMakeFiles/cmTC_27d20.dir/CheckSymbolExists.c.o: In function `main':
CheckSymbolExists.c:(.text+0x1b): undefined reference to `pthread_create'
collect2: error: ld returned 1 exit status
ninja: build stopped: subcommand failed.

File /home/emmanuel/rlss_ws/src/rlss_ros/build/CMakeFiles/CMakeTmp/CheckSymbolExists.c:
/* */
#include <pthread.h>

int main(int argc, char** argv)
{
  (void)argv;
#ifndef pthread_create
  return ((int*)(&pthread_create))[argc];
#else
  (void)argc;
  return 0;
#endif
}

Determining if the function pthread_create exists in the pthreads failed with the following output:
Change Dir: /home/emmanuel/rlss_ws/src/rlss_ros/build/CMakeFiles/CMakeTmp

Run Build Command:"/usr/bin/ninja" "cmTC_69217"
[1/2] Building C object CMakeFiles/cmTC_69217.dir/CheckFunctionExists.c.o
[2/2] Linking C executable cmTC_69217
FAILED: cmTC_69217 
: && /usr/bin/x86_64-linux-gnu-gcc-10 -DCHECK_FUNCTION_EXISTS=pthread_create  -rdynamic CMakeFiles/cmTC_69217.dir/CheckFunctionExists.c.o  -o cmTC_69217  -lpthreads && :
/usr/bin/ld: cannot find -lpthreads
collect2: error: ld returned 1 exit status
ninja: build stopped: subcommand failed.


